[08-May-2023 10:24:33] NOTICE: fpm is running, pid 1597
[08-May-2023 10:24:33] NOTICE: ready to handle connections
[08-May-2023 13:04:55] NOTICE: Terminating ...
[08-May-2023 13:04:55] NOTICE: Terminating ...
[08-May-2023 13:04:55] NOTICE: exiting, bye-bye!
[08-May-2023 16:38:36] NOTICE: fpm is running, pid 972
[08-May-2023 16:38:36] NOTICE: ready to handle connections
[08-May-2023 18:12:45] NOTICE: Terminating ...
[08-May-2023 18:12:45] NOTICE: Terminating ...
[08-May-2023 18:12:45] NOTICE: exiting, bye-bye!
[01-Jun-2023 19:59:05] NOTICE: fpm is running, pid 5869
[01-Jun-2023 19:59:05] NOTICE: ready to handle connections
[01-Jun-2023 23:38:29] NOTICE: Terminating ...
[01-Jun-2023 23:38:29] NOTICE: Terminating ...
[01-Jun-2023 23:38:29] NOTICE: exiting, bye-bye!
[02-Jun-2023 13:00:09] NOTICE: fpm is running, pid 1607
[02-Jun-2023 13:00:09] NOTICE: ready to handle connections
[03-Jun-2023 10:06:57] NOTICE: Terminating ...
[03-Jun-2023 10:06:57] NOTICE: Terminating ...
[03-Jun-2023 10:06:57] NOTICE: exiting, bye-bye!
[03-Jun-2023 10:56:33] NOTICE: fpm is running, pid 4197
[03-Jun-2023 10:56:33] NOTICE: ready to handle connections
[03-Jun-2023 12:02:16] NOTICE: Terminating ...
[03-Jun-2023 12:02:16] NOTICE: Terminating ...
[03-Jun-2023 12:02:16] NOTICE: exiting, bye-bye!
[10-Jun-2023 22:40:23] NOTICE: fpm is running, pid 5696
[10-Jun-2023 22:40:23] NOTICE: ready to handle connections
[10-Jun-2023 22:40:36] NOTICE: Terminating ...
[10-Jun-2023 22:40:36] NOTICE: Terminating ...
[10-Jun-2023 22:40:36] NOTICE: exiting, bye-bye!
[11-Jun-2023 13:41:53] NOTICE: fpm is running, pid 6176
[11-Jun-2023 13:41:53] NOTICE: ready to handle connections
[12-Jun-2023 08:07:35] NOTICE: Terminating ...
[12-Jun-2023 08:07:35] NOTICE: Terminating ...
[12-Jun-2023 08:07:35] NOTICE: exiting, bye-bye!
[12-Jun-2023 17:17:19] NOTICE: fpm is running, pid 12965
[12-Jun-2023 17:17:19] NOTICE: ready to handle connections
[13-Jun-2023 12:13:05] NOTICE: Terminating ...
[13-Jun-2023 12:13:05] NOTICE: Terminating ...
[13-Jun-2023 12:13:05] NOTICE: exiting, bye-bye!
[13-Jun-2023 13:08:10] NOTICE: fpm is running, pid 15230
[13-Jun-2023 13:08:11] NOTICE: ready to handle connections
[14-Jun-2023 13:05:11] NOTICE: Terminating ...
[14-Jun-2023 13:05:11] NOTICE: Terminating ...
[14-Jun-2023 13:05:11] NOTICE: exiting, bye-bye!
[14-Jun-2023 13:05:15] NOTICE: fpm is running, pid 18789
[14-Jun-2023 13:05:15] NOTICE: ready to handle connections
[15-Jun-2023 08:04:03] NOTICE: Terminating ...
[15-Jun-2023 08:04:03] NOTICE: Terminating ...
[15-Jun-2023 08:04:03] NOTICE: exiting, bye-bye!
[15-Jun-2023 08:04:25] NOTICE: fpm is running, pid 19499
[15-Jun-2023 08:04:25] NOTICE: ready to handle connections
[15-Jun-2023 17:04:18] NOTICE: Terminating ...
[15-Jun-2023 17:04:18] NOTICE: Terminating ...
[15-Jun-2023 17:04:18] NOTICE: exiting, bye-bye!
[17-Jun-2023 14:52:23] NOTICE: fpm is running, pid 2684
[17-Jun-2023 14:52:23] NOTICE: ready to handle connections
